Analysis & Synthesis report for maquinaDeLavarFSM2
Tue Aug  6 10:05:03 2024
Quartus Prime Version 20.1.1 Build 720 11/11/2020 SJ Standard Edition


---------------------
; Table of Contents ;
---------------------
  1. Legal Notice
  2. Analysis & Synthesis Summary
  3. Analysis & Synthesis Settings
  4. Parallel Compilation
  5. Analysis & Synthesis Source Files Read
  6. Analysis & Synthesis Resource Usage Summary
  7. Analysis & Synthesis Resource Utilization by Entity
  8. State Machine - |maquinaDeLavarFSM2|pr_state
  9. User-Specified and Inferred Latches
 10. General Register Statistics
 11. Post-Synthesis Netlist Statistics for Top Partition
 12. Elapsed Time Per Partition
 13. Analysis & Synthesis Messages



----------------
; Legal Notice ;
----------------
Copyright (C) 2020  Intel Corporation. All rights reserved.
Your use of Intel Corporation's design tools, logic functions 
and other software and tools, and any partner logic 
functions, and any output files from any of the foregoing 
(including device programming or simulation files), and any 
associated documentation or information are expressly subject 
to the terms and conditions of the Intel Program License 
Subscription Agreement, the Intel Quartus Prime License Agreement,
the Intel FPGA IP License Agreement, or other applicable license
agreement, including, without limitation, that your use is for
the sole purpose of programming logic devices manufactured by
Intel and sold by Intel or its authorized distributors.  Please
refer to the applicable agreement for further details, at
https://fpgasoftware.intel.com/eula.



+--------------------------------------------------------------------------------------+
; Analysis & Synthesis Summary                                                         ;
+------------------------------------+-------------------------------------------------+
; Analysis & Synthesis Status        ; Successful - Tue Aug  6 10:05:03 2024           ;
; Quartus Prime Version              ; 20.1.1 Build 720 11/11/2020 SJ Standard Edition ;
; Revision Name                      ; maquinaDeLavarFSM2                              ;
; Top-level Entity Name              ; maquinaDeLavarFSM2                              ;
; Family                             ; Cyclone IV E                                    ;
; Total logic elements               ; 33                                              ;
;     Total combinational functions  ; 33                                              ;
;     Dedicated logic registers      ; 10                                              ;
; Total registers                    ; 10                                              ;
; Total pins                         ; 14                                              ;
; Total virtual pins                 ; 0                                               ;
; Total memory bits                  ; 0                                               ;
; Embedded Multiplier 9-bit elements ; 0                                               ;
; Total PLLs                         ; 0                                               ;
+------------------------------------+-------------------------------------------------+


+------------------------------------------------------------------------------------------------------------+
; Analysis & Synthesis Settings                                                                              ;
+------------------------------------------------------------------+--------------------+--------------------+
; Option                                                           ; Setting            ; Default Value      ;
+------------------------------------------------------------------+--------------------+--------------------+
; Device                                                           ; EP4CE6E22A7        ;                    ;
; Top-level entity name                                            ; maquinaDeLavarFSM2 ; maquinaDeLavarFSM2 ;
; Family name                                                      ; Cyclone IV E       ; Cyclone V          ;
; Use smart compilation                                            ; Off                ; Off                ;
; Enable parallel Assembler and Timing Analyzer during compilation ; On                 ; On                 ;
; Enable compact report table                                      ; Off                ; Off                ;
; Restructure Multiplexers                                         ; Auto               ; Auto               ;
; Create Debugging Nodes for IP Cores                              ; Off                ; Off                ;
; Preserve fewer node names                                        ; On                 ; On                 ;
; Intel FPGA IP Evaluation Mode                                    ; Enable             ; Enable             ;
; Verilog Version                                                  ; Verilog_2001       ; Verilog_2001       ;
; VHDL Version                                                     ; VHDL_1993          ; VHDL_1993          ;
; State Machine Processing                                         ; Auto               ; Auto               ;
; Safe State Machine                                               ; Off                ; Off                ;
; Extract Verilog State Machines                                   ; On                 ; On                 ;
; Extract VHDL State Machines                                      ; On                 ; On                 ;
; Ignore Verilog initial constructs                                ; Off                ; Off                ;
; Iteration limit for constant Verilog loops                       ; 5000               ; 5000               ;
; Iteration limit for non-constant Verilog loops                   ; 250                ; 250                ;
; Add Pass-Through Logic to Inferred RAMs                          ; On                 ; On                 ;
; Infer RAMs from Raw Logic                                        ; On                 ; On                 ;
; Parallel Synthesis                                               ; On                 ; On                 ;
; DSP Block Balancing                                              ; Auto               ; Auto               ;
; NOT Gate Push-Back                                               ; On                 ; On                 ;
; Power-Up Don't Care                                              ; On                 ; On                 ;
; Remove Redundant Logic Cells                                     ; Off                ; Off                ;
; Remove Duplicate Registers                                       ; On                 ; On                 ;
; Ignore CARRY Buffers                                             ; Off                ; Off                ;
; Ignore CASCADE Buffers                                           ; Off                ; Off                ;
; Ignore GLOBAL Buffers                                            ; Off                ; Off                ;
; Ignore ROW GLOBAL Buffers                                        ; Off                ; Off                ;
; Ignore LCELL Buffers                                             ; Off                ; Off                ;
; Ignore SOFT Buffers                                              ; On                 ; On                 ;
; Limit AHDL Integers to 32 Bits                                   ; Off                ; Off                ;
; Optimization Technique                                           ; Balanced           ; Balanced           ;
; Carry Chain Length                                               ; 70                 ; 70                 ;
; Auto Carry Chains                                                ; On                 ; On                 ;
; Auto Open-Drain Pins                                             ; On                 ; On                 ;
; Perform WYSIWYG Primitive Resynthesis                            ; Off                ; Off                ;
; Auto ROM Replacement                                             ; On                 ; On                 ;
; Auto RAM Replacement                                             ; On                 ; On                 ;
; Auto DSP Block Replacement                                       ; On                 ; On                 ;
; Auto Shift Register Replacement                                  ; Auto               ; Auto               ;
; Allow Shift Register Merging across Hierarchies                  ; Auto               ; Auto               ;
; Auto Clock Enable Replacement                                    ; On                 ; On                 ;
; Strict RAM Replacement                                           ; Off                ; Off                ;
; Allow Synchronous Control Signals                                ; On                 ; On                 ;
; Force Use of Synchronous Clear Signals                           ; Off                ; Off                ;
; Auto RAM Block Balancing                                         ; On                 ; On                 ;
; Auto RAM to Logic Cell Conversion                                ; Off                ; Off                ;
; Auto Resource Sharing                                            ; Off                ; Off                ;
; Allow Any RAM Size For Recognition                               ; Off                ; Off                ;
; Allow Any ROM Size For Recognition                               ; Off                ; Off                ;
; Allow Any Shift Register Size For Recognition                    ; Off                ; Off                ;
; Use LogicLock Constraints during Resource Balancing              ; On                 ; On                 ;
; Ignore translate_off and synthesis_off directives                ; Off                ; Off                ;
; Timing-Driven Synthesis                                          ; On                 ; On                 ;
; Report Parameter Settings                                        ; On                 ; On                 ;
; Report Source Assignments                                        ; On                 ; On                 ;
; Report Connectivity Checks                                       ; On                 ; On                 ;
; Ignore Maximum Fan-Out Assignments                               ; Off                ; Off                ;
; Synchronization Register Chain Length                            ; 2                  ; 2                  ;
; Power Optimization During Synthesis                              ; Normal compilation ; Normal compilation ;
; HDL message level                                                ; Level2             ; Level2             ;
; Suppress Register Optimization Related Messages                  ; Off                ; Off                ;
; Number of Removed Registers Reported in Synthesis Report         ; 5000               ; 5000               ;
; Number of Swept Nodes Reported in Synthesis Report               ; 5000               ; 5000               ;
; Number of Inverted Registers Reported in Synthesis Report        ; 100                ; 100                ;
; Clock MUX Protection                                             ; On                 ; On                 ;
; Auto Gated Clock Conversion                                      ; Off                ; Off                ;
; Block Design Naming                                              ; Auto               ; Auto               ;
; SDC constraint protection                                        ; Off                ; Off                ;
; Synthesis Effort                                                 ; Auto               ; Auto               ;
; Shift Register Replacement - Allow Asynchronous Clear Signal     ; On                 ; On                 ;
; Pre-Mapping Resynthesis Optimization                             ; Off                ; Off                ;
; Analysis & Synthesis Message Level                               ; Medium             ; Medium             ;
; Disable Register Merging Across Hierarchies                      ; Auto               ; Auto               ;
; Resource Aware Inference For Block RAM                           ; On                 ; On                 ;
+------------------------------------------------------------------+--------------------+--------------------+


+------------------------------------------+
; Parallel Compilation                     ;
+----------------------------+-------------+
; Processors                 ; Number      ;
+----------------------------+-------------+
; Number detected on machine ; 12          ;
; Maximum allowed            ; 12          ;
;                            ;             ;
; Average used               ; 1.00        ;
; Maximum used               ; 12          ;
;                            ;             ;
; Usage by Processor         ; % Time Used ;
;     Processor 1            ; 100.0%      ;
;     Processor 2            ;   0.0%      ;
;     Processors 3-12        ;   0.0%      ;
+----------------------------+-------------+


+----------------------------------------------------------------------------------------------------------------------------------------------------------+
; Analysis & Synthesis Source Files Read                                                                                                                   ;
+----------------------------------+-----------------+-----------------+-------------------------------------------------------------------------+---------+
; File Name with User-Entered Path ; Used in Netlist ; File Type       ; File Name with Absolute Path                                            ; Library ;
+----------------------------------+-----------------+-----------------+-------------------------------------------------------------------------+---------+
; maquinaDeLavarFSM2.vhd           ; yes             ; User VHDL File  ; /home/daniel.f2005/QUARTUS/ELD-II/2024-07-23-pt2/maquinaDeLavarFSM2.vhd ;         ;
+----------------------------------+-----------------+-----------------+-------------------------------------------------------------------------+---------+


+---------------------------------------------------------+
; Analysis & Synthesis Resource Usage Summary             ;
+---------------------------------------------+-----------+
; Resource                                    ; Usage     ;
+---------------------------------------------+-----------+
; Estimated Total logic elements              ; 33        ;
;                                             ;           ;
; Total combinational functions               ; 33        ;
; Logic element usage by number of LUT inputs ;           ;
;     -- 4 input functions                    ; 17        ;
;     -- 3 input functions                    ; 10        ;
;     -- <=2 input functions                  ; 6         ;
;                                             ;           ;
; Logic elements by mode                      ;           ;
;     -- normal mode                          ; 33        ;
;     -- arithmetic mode                      ; 0         ;
;                                             ;           ;
; Total registers                             ; 10        ;
;     -- Dedicated logic registers            ; 10        ;
;     -- I/O registers                        ; 0         ;
;                                             ;           ;
; I/O pins                                    ; 14        ;
;                                             ;           ;
; Embedded Multiplier 9-bit elements          ; 0         ;
;                                             ;           ;
; Maximum fan-out node                        ; clk~input ;
; Maximum fan-out                             ; 10        ;
; Total fan-out                               ; 158       ;
; Average fan-out                             ; 2.23      ;
+---------------------------------------------+-----------+


+-----------------------------------------------------------------------------------------------------------------------------------------------------------------------------------------------------------------+
; Analysis & Synthesis Resource Utilization by Entity                                                                                                                                                             ;
+----------------------------+---------------------+---------------------------+-------------+--------------+---------+-----------+------+--------------+---------------------+--------------------+--------------+
; Compilation Hierarchy Node ; Combinational ALUTs ; Dedicated Logic Registers ; Memory Bits ; DSP Elements ; DSP 9x9 ; DSP 18x18 ; Pins ; Virtual Pins ; Full Hierarchy Name ; Entity Name        ; Library Name ;
+----------------------------+---------------------+---------------------------+-------------+--------------+---------+-----------+------+--------------+---------------------+--------------------+--------------+
; |maquinaDeLavarFSM2        ; 33 (33)             ; 10 (10)                   ; 0           ; 0            ; 0       ; 0         ; 14   ; 0            ; |maquinaDeLavarFSM2 ; maquinaDeLavarFSM2 ; work         ;
+----------------------------+---------------------+---------------------------+-------------+--------------+---------+-----------+------+--------------+---------------------+--------------------+--------------+
Note: For table entries with two numbers listed, the numbers in parentheses indicate the number of resources of the given type used by the specific entity alone. The numbers listed outside of parentheses indicate the total resources of the given type used by the specific entity and all of its sub-entities in the hierarchy.


Encoding Type:  One-Hot
+-------------------------------------------------------------------------------------------------------------------------------------------------------------------------------------------------------------------+
; State Machine - |maquinaDeLavarFSM2|pr_state                                                                                                                                                                      ;
+---------------------+---------------------+--------------------+------------------+------------------+--------------------+-----------------+----------------+-----------------+----------------+-----------------+
; Name                ; pr_state.centrifuga ; pr_state.esvazia_2 ; pr_state.enxagua ; pr_state.enche_2 ; pr_state.esvazia_1 ; pr_state.bate_2 ; pr_state.molho ; pr_state.bate_1 ; pr_state.enche ; pr_state.parado ;
+---------------------+---------------------+--------------------+------------------+------------------+--------------------+-----------------+----------------+-----------------+----------------+-----------------+
; pr_state.parado     ; 0                   ; 0                  ; 0                ; 0                ; 0                  ; 0               ; 0              ; 0               ; 0              ; 0               ;
; pr_state.enche      ; 0                   ; 0                  ; 0                ; 0                ; 0                  ; 0               ; 0              ; 0               ; 1              ; 1               ;
; pr_state.bate_1     ; 0                   ; 0                  ; 0                ; 0                ; 0                  ; 0               ; 0              ; 1               ; 0              ; 1               ;
; pr_state.molho      ; 0                   ; 0                  ; 0                ; 0                ; 0                  ; 0               ; 1              ; 0               ; 0              ; 1               ;
; pr_state.bate_2     ; 0                   ; 0                  ; 0                ; 0                ; 0                  ; 1               ; 0              ; 0               ; 0              ; 1               ;
; pr_state.esvazia_1  ; 0                   ; 0                  ; 0                ; 0                ; 1                  ; 0               ; 0              ; 0               ; 0              ; 1               ;
; pr_state.enche_2    ; 0                   ; 0                  ; 0                ; 1                ; 0                  ; 0               ; 0              ; 0               ; 0              ; 1               ;
; pr_state.enxagua    ; 0                   ; 0                  ; 1                ; 0                ; 0                  ; 0               ; 0              ; 0               ; 0              ; 1               ;
; pr_state.esvazia_2  ; 0                   ; 1                  ; 0                ; 0                ; 0                  ; 0               ; 0              ; 0               ; 0              ; 1               ;
; pr_state.centrifuga ; 1                   ; 0                  ; 0                ; 0                ; 0                  ; 0               ; 0              ; 0               ; 0              ; 1               ;
+---------------------+---------------------+--------------------+------------------+------------------+--------------------+-----------------+----------------+-----------------+----------------+-----------------+


+---------------------------------------------------------------------------------------------------+
; User-Specified and Inferred Latches                                                               ;
+----------------------------------------------------+---------------------+------------------------+
; Latch Name                                         ; Latch Enable Signal ; Free of Timing Hazards ;
+----------------------------------------------------+---------------------+------------------------+
; m1$latch                                           ; WideOr0             ; yes                    ;
; m2$latch                                           ; WideOr1             ; yes                    ;
; b$latch                                            ; WideOr2             ; yes                    ;
; v$latch                                            ; WideOr3             ; yes                    ;
; Number of user-specified and inferred latches = 4  ;                     ;                        ;
+----------------------------------------------------+---------------------+------------------------+
Note: All latches listed above may not be present at the end of synthesis due to various synthesis optimizations.


+------------------------------------------------------+
; General Register Statistics                          ;
+----------------------------------------------+-------+
; Statistic                                    ; Value ;
+----------------------------------------------+-------+
; Total registers                              ; 10    ;
; Number of registers using Synchronous Clear  ; 0     ;
; Number of registers using Synchronous Load   ; 0     ;
; Number of registers using Asynchronous Clear ; 10    ;
; Number of registers using Asynchronous Load  ; 0     ;
; Number of registers using Clock Enable       ; 0     ;
; Number of registers using Preset             ; 0     ;
+----------------------------------------------+-------+


+-----------------------------------------------------+
; Post-Synthesis Netlist Statistics for Top Partition ;
+-----------------------+-----------------------------+
; Type                  ; Count                       ;
+-----------------------+-----------------------------+
; boundary_port         ; 14                          ;
; cycloneiii_ff         ; 10                          ;
;     CLR               ; 10                          ;
; cycloneiii_lcell_comb ; 33                          ;
;     normal            ; 33                          ;
;         2 data inputs ; 6                           ;
;         3 data inputs ; 10                          ;
;         4 data inputs ; 17                          ;
;                       ;                             ;
; Max LUT depth         ; 3.00                        ;
; Average LUT depth     ; 2.18                        ;
+-----------------------+-----------------------------+


+-------------------------------+
; Elapsed Time Per Partition    ;
+----------------+--------------+
; Partition Name ; Elapsed Time ;
+----------------+--------------+
; Top            ; 00:00:00     ;
+----------------+--------------+


+-------------------------------+
; Analysis & Synthesis Messages ;
+-------------------------------+
Info: *******************************************************************
Info: Running Quartus Prime Analysis & Synthesis
    Info: Version 20.1.1 Build 720 11/11/2020 SJ Standard Edition
    Info: Processing started: Tue Aug  6 10:04:54 2024
Info: Command: quartus_map --read_settings_files=on --write_settings_files=off maquinaDeLavarFSM2 -c maquinaDeLavarFSM2
Warning (18236): Number of processors has not been specified which may cause overloading on shared machines.  Set the global assignment NUM_PARALLEL_PROCESSORS in your QSF to an appropriate value for best performance.
Info (20030): Parallel compilation is enabled and will use 12 of the 12 processors detected
Info (12021): Found 2 design units, including 1 entities, in source file maquinaDeLavarFSM2.vhd
    Info (12022): Found design unit 1: maquinaDeLavarFSM2-ifsc_v1 File: /home/daniel.f2005/QUARTUS/ELD-II/2024-07-23-pt2/maquinaDeLavarFSM2.vhd Line: 15
    Info (12023): Found entity 1: maquinaDeLavarFSM2 File: /home/daniel.f2005/QUARTUS/ELD-II/2024-07-23-pt2/maquinaDeLavarFSM2.vhd Line: 4
Info (12127): Elaborating entity "maquinaDeLavarFSM2" for the top level hierarchy
Warning (10631): VHDL Process Statement warning at maquinaDeLavarFSM2.vhd(29): inferring latch(es) for signal or variable "m1", which holds its previous value in one or more paths through the process File: /home/daniel.f2005/QUARTUS/ELD-II/2024-07-23-pt2/maquinaDeLavarFSM2.vhd Line: 29
Warning (10631): VHDL Process Statement warning at maquinaDeLavarFSM2.vhd(29): inferring latch(es) for signal or variable "m2", which holds its previous value in one or more paths through the process File: /home/daniel.f2005/QUARTUS/ELD-II/2024-07-23-pt2/maquinaDeLavarFSM2.vhd Line: 29
Warning (10631): VHDL Process Statement warning at maquinaDeLavarFSM2.vhd(29): inferring latch(es) for signal or variable "b", which holds its previous value in one or more paths through the process File: /home/daniel.f2005/QUARTUS/ELD-II/2024-07-23-pt2/maquinaDeLavarFSM2.vhd Line: 29
Warning (10631): VHDL Process Statement warning at maquinaDeLavarFSM2.vhd(29): inferring latch(es) for signal or variable "v", which holds its previous value in one or more paths through the process File: /home/daniel.f2005/QUARTUS/ELD-II/2024-07-23-pt2/maquinaDeLavarFSM2.vhd Line: 29
Info (10041): Inferred latch for "v" at maquinaDeLavarFSM2.vhd(29) File: /home/daniel.f2005/QUARTUS/ELD-II/2024-07-23-pt2/maquinaDeLavarFSM2.vhd Line: 29
Info (10041): Inferred latch for "b" at maquinaDeLavarFSM2.vhd(29) File: /home/daniel.f2005/QUARTUS/ELD-II/2024-07-23-pt2/maquinaDeLavarFSM2.vhd Line: 29
Info (10041): Inferred latch for "m2" at maquinaDeLavarFSM2.vhd(29) File: /home/daniel.f2005/QUARTUS/ELD-II/2024-07-23-pt2/maquinaDeLavarFSM2.vhd Line: 29
Info (10041): Inferred latch for "m1" at maquinaDeLavarFSM2.vhd(29) File: /home/daniel.f2005/QUARTUS/ELD-II/2024-07-23-pt2/maquinaDeLavarFSM2.vhd Line: 29
Warning (13012): Latch m1$latch has unsafe behavior File: /home/daniel.f2005/QUARTUS/ELD-II/2024-07-23-pt2/maquinaDeLavarFSM2.vhd Line: 29
    Warning (13013): Ports D and ENA on the latch are fed by the same signal pr_state.enxagua File: /home/daniel.f2005/QUARTUS/ELD-II/2024-07-23-pt2/maquinaDeLavarFSM2.vhd Line: 17
Warning (13012): Latch m2$latch has unsafe behavior File: /home/daniel.f2005/QUARTUS/ELD-II/2024-07-23-pt2/maquinaDeLavarFSM2.vhd Line: 29
    Warning (13013): Ports D and ENA on the latch are fed by the same signal pr_state.centrifuga File: /home/daniel.f2005/QUARTUS/ELD-II/2024-07-23-pt2/maquinaDeLavarFSM2.vhd Line: 17
Warning (13012): Latch b$latch has unsafe behavior File: /home/daniel.f2005/QUARTUS/ELD-II/2024-07-23-pt2/maquinaDeLavarFSM2.vhd Line: 29
    Warning (13013): Ports D and ENA on the latch are fed by the same signal pr_state.esvazia_1 File: /home/daniel.f2005/QUARTUS/ELD-II/2024-07-23-pt2/maquinaDeLavarFSM2.vhd Line: 17
Warning (13012): Latch v$latch has unsafe behavior File: /home/daniel.f2005/QUARTUS/ELD-II/2024-07-23-pt2/maquinaDeLavarFSM2.vhd Line: 29
    Warning (13013): Ports D and ENA on the latch are fed by the same signal pr_state.parado File: /home/daniel.f2005/QUARTUS/ELD-II/2024-07-23-pt2/maquinaDeLavarFSM2.vhd Line: 17
Info (286030): Timing-Driven Synthesis is running
Info (16010): Generating hard_block partition "hard_block:auto_generated_inst"
    Info (16011): Adding 0 node(s), including 0 DDIO, 0 PLL, 0 transceiver and 0 LCELL
Info (21057): Implemented 47 device resources after synthesis - the final resource count might be different
    Info (21058): Implemented 10 input pins
    Info (21059): Implemented 4 output pins
    Info (21061): Implemented 33 logic cells
Info: Quartus Prime Analysis & Synthesis was successful. 0 errors, 13 warnings
    Info: Peak virtual memory: 477 megabytes
    Info: Processing ended: Tue Aug  6 10:05:03 2024
    Info: Elapsed time: 00:00:09
    Info: Total CPU time (on all processors): 00:00:21


