Flow report for hamming_distance
Wed Mar 20 17:13:16 2024
Quartus Prime Version 20.1.1 Build 720 11/11/2020 SJ Standard Edition


---------------------
; Table of Contents ;
---------------------
  1. Legal Notice
  2. Flow Summary
  3. Flow Settings
  4. Flow Non-Default Global Settings
  5. Flow Elapsed Time
  6. Flow OS Summary
  7. Flow Log
  8. Flow Messages
  9. Flow Suppressed Messages



----------------
; Legal Notice ;
----------------
Copyright (C) 2020  Intel Corporation. All rights reserved.
Your use of Intel Corporation's design tools, logic functions 
and other software and tools, and any partner logic 
functions, and any output files from any of the foregoing 
(including device programming or simulation files), and any 
associated documentation or information are expressly subject 
to the terms and conditions of the Intel Program License 
Subscription Agreement, the Intel Quartus Prime License Agreement,
the Intel FPGA IP License Agreement, or other applicable license
agreement, including, without limitation, that your use is for
the sole purpose of programming logic devices manufactured by
Intel and sold by Intel or its authorized distributors.  Please
refer to the applicable agreement for further details, at
https://fpgasoftware.intel.com/eula.



+-------------------------------------------------------------------------+
; Flow Summary                                                            ;
+-----------------------+-------------------------------------------------+
; Flow Status           ; Successful - Wed Mar 20 17:13:16 2024           ;
; Quartus Prime Version ; 20.1.1 Build 720 11/11/2020 SJ Standard Edition ;
; Revision Name         ; hamming_distance                                ;
; Top-level Entity Name ; hamming_distance                                ;
; Family                ; MAX V                                           ;
; Device                ; 5M80ZT100A5                                     ;
; Timing Models         ; Final                                           ;
; Total logic elements  ; 68 / 80 ( 85 % )                                ;
; Total pins            ; 55 / 79 ( 70 % )                                ;
; Total virtual pins    ; 0                                               ;
; UFM blocks            ; 0 / 1 ( 0 % )                                   ;
+-----------------------+-------------------------------------------------+


+-----------------------------------------+
; Flow Settings                           ;
+-------------------+---------------------+
; Option            ; Setting             ;
+-------------------+---------------------+
; Start date & time ; 03/20/2024 17:12:58 ;
; Main task         ; Compilation         ;
; Revision Name     ; hamming_distance    ;
+-------------------+---------------------+


+------------------------------------------------------------------------------------------------------------------------------------+
; Flow Non-Default Global Settings                                                                                                   ;
+---------------------------------+--------------------------------+---------------+-------------+-----------------------------------+
; Assignment Name                 ; Value                          ; Default Value ; Entity Name ; Section Id                        ;
+---------------------------------+--------------------------------+---------------+-------------+-----------------------------------+
; COMPILER_SIGNATURE_ID           ; 99781912920174.171096557825222 ; --            ; --          ; --                                ;
; EDA_GENERATE_FUNCTIONAL_NETLIST ; Off                            ; --            ; --          ; eda_board_design_timing           ;
; EDA_GENERATE_FUNCTIONAL_NETLIST ; Off                            ; --            ; --          ; eda_board_design_boundary_scan    ;
; EDA_GENERATE_FUNCTIONAL_NETLIST ; Off                            ; --            ; --          ; eda_board_design_signal_integrity ;
; EDA_GENERATE_FUNCTIONAL_NETLIST ; Off                            ; --            ; --          ; eda_board_design_symbol           ;
; EDA_OUTPUT_DATA_FORMAT          ; Verilog Hdl                    ; --            ; --          ; eda_simulation                    ;
; EDA_SIMULATION_TOOL             ; ModelSim-Altera (Verilog)      ; <None>        ; --          ; --                                ;
; EDA_TIME_SCALE                  ; 1 ps                           ; --            ; --          ; eda_simulation                    ;
; MAX_CORE_JUNCTION_TEMP          ; 125                            ; --            ; --          ; --                                ;
; MIN_CORE_JUNCTION_TEMP          ; -40                            ; --            ; --          ; --                                ;
; POWER_PRESET_COOLING_SOLUTION   ; No Heat Sink With Still Air    ; --            ; --          ; --                                ;
; PROJECT_OUTPUT_DIRECTORY        ; output_files                   ; --            ; --          ; --                                ;
; SEED                            ; 48                             ; 1             ; --          ; --                                ;
+---------------------------------+--------------------------------+---------------+-------------+-----------------------------------+


+--------------------------------------------------------------------------------------------------------------------------+
; Flow Elapsed Time                                                                                                        ;
+----------------------+--------------+-------------------------+---------------------+------------------------------------+
; Module Name          ; Elapsed Time ; Average Processors Used ; Peak Virtual Memory ; Total CPU Time (on all processors) ;
+----------------------+--------------+-------------------------+---------------------+------------------------------------+
; Analysis & Synthesis ; 00:00:08     ; 1.0                     ; 398 MB              ; 00:00:20                           ;
; Fitter               ; 00:00:01     ; 1.0                     ; 1170 MB             ; 00:00:02                           ;
; Assembler            ; 00:00:00     ; 1.0                     ; 327 MB              ; 00:00:00                           ;
; Timing Analyzer      ; 00:00:01     ; 1.0                     ; 351 MB              ; 00:00:01                           ;
; EDA Netlist Writer   ; 00:00:00     ; 1.0                     ; 575 MB              ; 00:00:00                           ;
; Total                ; 00:00:10     ; --                      ; --                  ; 00:00:23                           ;
+----------------------+--------------+-------------------------+---------------------+------------------------------------+


+---------------------------------------------------------------------------------------------+
; Flow OS Summary                                                                             ;
+----------------------+---------------------+------------------+------------+----------------+
; Module Name          ; Machine Hostname    ; OS Name          ; OS Version ; Processor type ;
+----------------------+---------------------+------------------+------------+----------------+
; Analysis & Synthesis ; TELE-Matlab-Quartus ; Debian GNU/Linux ; 10         ; x86_64         ;
; Fitter               ; TELE-Matlab-Quartus ; Debian GNU/Linux ; 10         ; x86_64         ;
; Assembler            ; TELE-Matlab-Quartus ; Debian GNU/Linux ; 10         ; x86_64         ;
; Timing Analyzer      ; TELE-Matlab-Quartus ; Debian GNU/Linux ; 10         ; x86_64         ;
; EDA Netlist Writer   ; TELE-Matlab-Quartus ; Debian GNU/Linux ; 10         ; x86_64         ;
+----------------------+---------------------+------------------+------------+----------------+


------------
; Flow Log ;
------------
quartus_map --read_settings_files=on --write_settings_files=off hamming_distance -c hamming_distance
quartus_fit --read_settings_files=off --write_settings_files=off hamming_distance -c hamming_distance
quartus_asm --read_settings_files=off --write_settings_files=off hamming_distance -c hamming_distance
quartus_sta hamming_distance -c hamming_distance
quartus_eda --read_settings_files=off --write_settings_files=off hamming_distance -c hamming_distance



