Flow report for gray_counter4
Tue Apr 30 10:26:24 2024
Quartus Prime Version 20.1.1 Build 720 11/11/2020 SJ Standard Edition


---------------------
; Table of Contents ;
---------------------
  1. Legal Notice
  2. Flow Summary
  3. Flow Settings
  4. Flow Non-Default Global Settings
  5. Flow Elapsed Time
  6. Flow OS Summary
  7. Flow Log
  8. Flow Messages
  9. Flow Suppressed Messages



----------------
; Legal Notice ;
----------------
Copyright (C) 2020  Intel Corporation. All rights reserved.
Your use of Intel Corporation's design tools, logic functions 
and other software and tools, and any partner logic 
functions, and any output files from any of the foregoing 
(including device programming or simulation files), and any 
associated documentation or information are expressly subject 
to the terms and conditions of the Intel Program License 
Subscription Agreement, the Intel Quartus Prime License Agreement,
the Intel FPGA IP License Agreement, or other applicable license
agreement, including, without limitation, that your use is for
the sole purpose of programming logic devices manufactured by
Intel and sold by Intel or its authorized distributors.  Please
refer to the applicable agreement for further details, at
https://fpgasoftware.intel.com/eula.



+--------------------------------------------------------------------------------------+
; Flow Summary                                                                         ;
+------------------------------------+-------------------------------------------------+
; Flow Status                        ; Successful - Tue Apr 30 10:26:21 2024           ;
; Quartus Prime Version              ; 20.1.1 Build 720 11/11/2020 SJ Standard Edition ;
; Revision Name                      ; gray_counter4                                   ;
; Top-level Entity Name              ; gray_counter4                                   ;
; Family                             ; Cyclone IV E                                    ;
; Device                             ; EP4CE6E22A7                                     ;
; Timing Models                      ; Final                                           ;
; Total logic elements               ; 4 / 6,272 ( < 1 % )                             ;
;     Total combinational functions  ; 4 / 6,272 ( < 1 % )                             ;
;     Dedicated logic registers      ; 4 / 6,272 ( < 1 % )                             ;
; Total registers                    ; 4                                               ;
; Total pins                         ; 6 / 92 ( 7 % )                                  ;
; Total virtual pins                 ; 0                                               ;
; Total memory bits                  ; 0 / 276,480 ( 0 % )                             ;
; Embedded Multiplier 9-bit elements ; 0 / 30 ( 0 % )                                  ;
; Total PLLs                         ; 0 / 2 ( 0 % )                                   ;
+------------------------------------+-------------------------------------------------+


+-----------------------------------------+
; Flow Settings                           ;
+-------------------+---------------------+
; Option            ; Setting             ;
+-------------------+---------------------+
; Start date & time ; 04/30/2024 10:26:01 ;
; Main task         ; Compilation         ;
; Revision Name     ; gray_counter4       ;
+-------------------+---------------------+


+------------------------------------------------------------------------------------------------------------------------------------------------+
; Flow Non-Default Global Settings                                                                                                               ;
+-------------------------------------+----------------------------------------+---------------+-------------+-----------------------------------+
; Assignment Name                     ; Value                                  ; Default Value ; Entity Name ; Section Id                        ;
+-------------------------------------+----------------------------------------+---------------+-------------+-----------------------------------+
; COMPILER_SIGNATURE_ID               ; 99781912920174.171448356100972         ; --            ; --          ; --                                ;
; EDA_GENERATE_FUNCTIONAL_NETLIST     ; Off                                    ; --            ; --          ; eda_board_design_timing           ;
; EDA_GENERATE_FUNCTIONAL_NETLIST     ; Off                                    ; --            ; --          ; eda_board_design_boundary_scan    ;
; EDA_GENERATE_FUNCTIONAL_NETLIST     ; Off                                    ; --            ; --          ; eda_board_design_signal_integrity ;
; EDA_GENERATE_FUNCTIONAL_NETLIST     ; Off                                    ; --            ; --          ; eda_board_design_symbol           ;
; EDA_OUTPUT_DATA_FORMAT              ; Verilog Hdl                            ; --            ; --          ; eda_simulation                    ;
; EDA_SIMULATION_TOOL                 ; ModelSim-Altera (Verilog)              ; <None>        ; --          ; --                                ;
; EDA_TIME_SCALE                      ; 1 ps                                   ; --            ; --          ; eda_simulation                    ;
; MAX_CORE_JUNCTION_TEMP              ; 125                                    ; --            ; --          ; --                                ;
; MIN_CORE_JUNCTION_TEMP              ; -40                                    ; --            ; --          ; --                                ;
; NOMINAL_CORE_SUPPLY_VOLTAGE         ; 1.2V                                   ; --            ; --          ; --                                ;
; PARTITION_COLOR                     ; -- (Not supported for targeted family) ; --            ; --          ; Top                               ;
; PARTITION_FITTER_PRESERVATION_LEVEL ; -- (Not supported for targeted family) ; --            ; --          ; Top                               ;
; PARTITION_NETLIST_TYPE              ; -- (Not supported for targeted family) ; --            ; --          ; Top                               ;
; PROJECT_OUTPUT_DIRECTORY            ; output_files                           ; --            ; --          ; --                                ;
+-------------------------------------+----------------------------------------+---------------+-------------+-----------------------------------+


+--------------------------------------------------------------------------------------------------------------------------+
; Flow Elapsed Time                                                                                                        ;
+----------------------+--------------+-------------------------+---------------------+------------------------------------+
; Module Name          ; Elapsed Time ; Average Processors Used ; Peak Virtual Memory ; Total CPU Time (on all processors) ;
+----------------------+--------------+-------------------------+---------------------+------------------------------------+
; Analysis & Synthesis ; 00:00:10     ; 1.0                     ; 460 MB              ; 00:00:22                           ;
; Fitter               ; 00:00:06     ; 1.0                     ; 1246 MB             ; 00:00:05                           ;
; Timing Analyzer      ; 00:00:02     ; 1.0                     ; 499 MB              ; 00:00:01                           ;
; Total                ; 00:00:18     ; --                      ; --                  ; 00:00:28                           ;
+----------------------+--------------+-------------------------+---------------------+------------------------------------+


+---------------------------------------------------------------------------------------------+
; Flow OS Summary                                                                             ;
+----------------------+---------------------+------------------+------------+----------------+
; Module Name          ; Machine Hostname    ; OS Name          ; OS Version ; Processor type ;
+----------------------+---------------------+------------------+------------+----------------+
; Analysis & Synthesis ; TELE-Matlab-Quartus ; Debian GNU/Linux ; 10         ; x86_64         ;
; Fitter               ; TELE-Matlab-Quartus ; Debian GNU/Linux ; 10         ; x86_64         ;
; Timing Analyzer      ; TELE-Matlab-Quartus ; Debian GNU/Linux ; 10         ; x86_64         ;
+----------------------+---------------------+------------------+------------+----------------+


------------
; Flow Log ;
------------
quartus_map --read_settings_files=on --write_settings_files=off gray_counter4 -c gray_counter4
quartus_fit --read_settings_files=on --write_settings_files=off gray_counter4 -c gray_counter4
quartus_sta gray_counter4 -c gray_counter4



