Analysis & Synthesis report for gcd
Mon Aug 26 09:16:09 2024
Quartus Prime Version 20.1.1 Build 720 11/11/2020 SJ Standard Edition


---------------------
; Table of Contents ;
---------------------
  1. Legal Notice
  2. Analysis & Synthesis Summary
  3. Analysis & Synthesis Settings
  4. Parallel Compilation
  5. Analysis & Synthesis Source Files Read
  6. Analysis & Synthesis Resource Usage Summary
  7. Analysis & Synthesis Resource Utilization by Entity
  8. State Machine - |gcd|state_reg
  9. General Register Statistics
 10. Multiplexer Restructuring Statistics (Restructuring Performed)
 11. Parameter Settings for Inferred Entity Instance: lpm_divide:Mod0
 12. Post-Synthesis Netlist Statistics for Top Partition
 13. Elapsed Time Per Partition
 14. Analysis & Synthesis Messages



----------------
; Legal Notice ;
----------------
Copyright (C) 2020  Intel Corporation. All rights reserved.
Your use of Intel Corporation's design tools, logic functions 
and other software and tools, and any partner logic 
functions, and any output files from any of the foregoing 
(including device programming or simulation files), and any 
associated documentation or information are expressly subject 
to the terms and conditions of the Intel Program License 
Subscription Agreement, the Intel Quartus Prime License Agreement,
the Intel FPGA IP License Agreement, or other applicable license
agreement, including, without limitation, that your use is for
the sole purpose of programming logic devices manufactured by
Intel and sold by Intel or its authorized distributors.  Please
refer to the applicable agreement for further details, at
https://fpgasoftware.intel.com/eula.



+--------------------------------------------------------------------------------------+
; Analysis & Synthesis Summary                                                         ;
+------------------------------------+-------------------------------------------------+
; Analysis & Synthesis Status        ; Successful - Mon Aug 26 09:16:09 2024           ;
; Quartus Prime Version              ; 20.1.1 Build 720 11/11/2020 SJ Standard Edition ;
; Revision Name                      ; gcd                                             ;
; Top-level Entity Name              ; gcd                                             ;
; Family                             ; Cyclone IV E                                    ;
; Total logic elements               ; 102                                             ;
;     Total combinational functions  ; 102                                             ;
;     Dedicated logic registers      ; 19                                              ;
; Total registers                    ; 19                                              ;
; Total pins                         ; 28                                              ;
; Total virtual pins                 ; 0                                               ;
; Total memory bits                  ; 0                                               ;
; Embedded Multiplier 9-bit elements ; 0                                               ;
; Total PLLs                         ; 0                                               ;
+------------------------------------+-------------------------------------------------+


+------------------------------------------------------------------------------------------------------------+
; Analysis & Synthesis Settings                                                                              ;
+------------------------------------------------------------------+--------------------+--------------------+
; Option                                                           ; Setting            ; Default Value      ;
+------------------------------------------------------------------+--------------------+--------------------+
; Device                                                           ; EP4CE6E22A7        ;                    ;
; Top-level entity name                                            ; gcd                ; gcd                ;
; Family name                                                      ; Cyclone IV E       ; Cyclone V          ;
; Use smart compilation                                            ; Off                ; Off                ;
; Enable parallel Assembler and Timing Analyzer during compilation ; On                 ; On                 ;
; Enable compact report table                                      ; Off                ; Off                ;
; Restructure Multiplexers                                         ; Auto               ; Auto               ;
; Create Debugging Nodes for IP Cores                              ; Off                ; Off                ;
; Preserve fewer node names                                        ; On                 ; On                 ;
; Intel FPGA IP Evaluation Mode                                    ; Enable             ; Enable             ;
; Verilog Version                                                  ; Verilog_2001       ; Verilog_2001       ;
; VHDL Version                                                     ; VHDL_1993          ; VHDL_1993          ;
; State Machine Processing                                         ; Auto               ; Auto               ;
; Safe State Machine                                               ; Off                ; Off                ;
; Extract Verilog State Machines                                   ; On                 ; On                 ;
; Extract VHDL State Machines                                      ; On                 ; On                 ;
; Ignore Verilog initial constructs                                ; Off                ; Off                ;
; Iteration limit for constant Verilog loops                       ; 5000               ; 5000               ;
; Iteration limit for non-constant Verilog loops                   ; 250                ; 250                ;
; Add Pass-Through Logic to Inferred RAMs                          ; On                 ; On                 ;
; Infer RAMs from Raw Logic                                        ; On                 ; On                 ;
; Parallel Synthesis                                               ; On                 ; On                 ;
; DSP Block Balancing                                              ; Auto               ; Auto               ;
; NOT Gate Push-Back                                               ; On                 ; On                 ;
; Power-Up Don't Care                                              ; On                 ; On                 ;
; Remove Redundant Logic Cells                                     ; Off                ; Off                ;
; Remove Duplicate Registers                                       ; On                 ; On                 ;
; Ignore CARRY Buffers                                             ; Off                ; Off                ;
; Ignore CASCADE Buffers                                           ; Off                ; Off                ;
; Ignore GLOBAL Buffers                                            ; Off                ; Off                ;
; Ignore ROW GLOBAL Buffers                                        ; Off                ; Off                ;
; Ignore LCELL Buffers                                             ; Off                ; Off                ;
; Ignore SOFT Buffers                                              ; On                 ; On                 ;
; Limit AHDL Integers to 32 Bits                                   ; Off                ; Off                ;
; Optimization Technique                                           ; Balanced           ; Balanced           ;
; Carry Chain Length                                               ; 70                 ; 70                 ;
; Auto Carry Chains                                                ; On                 ; On                 ;
; Auto Open-Drain Pins                                             ; On                 ; On                 ;
; Perform WYSIWYG Primitive Resynthesis                            ; Off                ; Off                ;
; Auto ROM Replacement                                             ; On                 ; On                 ;
; Auto RAM Replacement                                             ; On                 ; On                 ;
; Auto DSP Block Replacement                                       ; On                 ; On                 ;
; Auto Shift Register Replacement                                  ; Auto               ; Auto               ;
; Allow Shift Register Merging across Hierarchies                  ; Auto               ; Auto               ;
; Auto Clock Enable Replacement                                    ; On                 ; On                 ;
; Strict RAM Replacement                                           ; Off                ; Off                ;
; Allow Synchronous Control Signals                                ; On                 ; On                 ;
; Force Use of Synchronous Clear Signals                           ; Off                ; Off                ;
; Auto RAM Block Balancing                                         ; On                 ; On                 ;
; Auto RAM to Logic Cell Conversion                                ; Off                ; Off                ;
; Auto Resource Sharing                                            ; Off                ; Off                ;
; Allow Any RAM Size For Recognition                               ; Off                ; Off                ;
; Allow Any ROM Size For Recognition                               ; Off                ; Off                ;
; Allow Any Shift Register Size For Recognition                    ; Off                ; Off                ;
; Use LogicLock Constraints during Resource Balancing              ; On                 ; On                 ;
; Ignore translate_off and synthesis_off directives                ; Off                ; Off                ;
; Timing-Driven Synthesis                                          ; On                 ; On                 ;
; Report Parameter Settings                                        ; On                 ; On                 ;
; Report Source Assignments                                        ; On                 ; On                 ;
; Report Connectivity Checks                                       ; On                 ; On                 ;
; Ignore Maximum Fan-Out Assignments                               ; Off                ; Off                ;
; Synchronization Register Chain Length                            ; 2                  ; 2                  ;
; Power Optimization During Synthesis                              ; Normal compilation ; Normal compilation ;
; HDL message level                                                ; Level2             ; Level2             ;
; Suppress Register Optimization Related Messages                  ; Off                ; Off                ;
; Number of Removed Registers Reported in Synthesis Report         ; 5000               ; 5000               ;
; Number of Swept Nodes Reported in Synthesis Report               ; 5000               ; 5000               ;
; Number of Inverted Registers Reported in Synthesis Report        ; 100                ; 100                ;
; Clock MUX Protection                                             ; On                 ; On                 ;
; Auto Gated Clock Conversion                                      ; Off                ; Off                ;
; Block Design Naming                                              ; Auto               ; Auto               ;
; SDC constraint protection                                        ; Off                ; Off                ;
; Synthesis Effort                                                 ; Auto               ; Auto               ;
; Shift Register Replacement - Allow Asynchronous Clear Signal     ; On                 ; On                 ;
; Pre-Mapping Resynthesis Optimization                             ; Off                ; Off                ;
; Analysis & Synthesis Message Level                               ; Medium             ; Medium             ;
; Disable Register Merging Across Hierarchies                      ; Auto               ; Auto               ;
; Resource Aware Inference For Block RAM                           ; On                 ; On                 ;
+------------------------------------------------------------------+--------------------+--------------------+


+------------------------------------------+
; Parallel Compilation                     ;
+----------------------------+-------------+
; Processors                 ; Number      ;
+----------------------------+-------------+
; Number detected on machine ; 12          ;
; Maximum allowed            ; 12          ;
;                            ;             ;
; Average used               ; 1.00        ;
; Maximum used               ; 12          ;
;                            ;             ;
; Usage by Processor         ; % Time Used ;
;     Processor 1            ; 100.0%      ;
;     Processor 2            ;   0.0%      ;
;     Processors 3-12        ;   0.0%      ;
+----------------------------+-------------+


+-----------------------------------------------------------------------------------------------------------------------------------------------------------------------+
; Analysis & Synthesis Source Files Read                                                                                                                                ;
+----------------------------------+-----------------+------------------------------+-------------------------------------------------------------------------+---------+
; File Name with User-Entered Path ; Used in Netlist ; File Type                    ; File Name with Absolute Path                                            ; Library ;
+----------------------------------+-----------------+------------------------------+-------------------------------------------------------------------------+---------+
; gcd.vhd                          ; yes             ; User VHDL File               ; /home/daniel.f2005/QUARTUS/ELD-II/AVALIACAO/gcd.vhd                     ;         ;
; lpm_divide.tdf                   ; yes             ; Megafunction                 ; /opt/intelFPGA/20.1/quartus/libraries/megafunctions/lpm_divide.tdf      ;         ;
; abs_divider.inc                  ; yes             ; Megafunction                 ; /opt/intelFPGA/20.1/quartus/libraries/megafunctions/abs_divider.inc     ;         ;
; sign_div_unsign.inc              ; yes             ; Megafunction                 ; /opt/intelFPGA/20.1/quartus/libraries/megafunctions/sign_div_unsign.inc ;         ;
; aglobal201.inc                   ; yes             ; Megafunction                 ; /opt/intelFPGA/20.1/quartus/libraries/megafunctions/aglobal201.inc      ;         ;
; db/lpm_divide_q9m.tdf            ; yes             ; Auto-Generated Megafunction  ; /home/daniel.f2005/QUARTUS/ELD-II/AVALIACAO/db/lpm_divide_q9m.tdf       ;         ;
; db/sign_div_unsign_fkh.tdf       ; yes             ; Auto-Generated Megafunction  ; /home/daniel.f2005/QUARTUS/ELD-II/AVALIACAO/db/sign_div_unsign_fkh.tdf  ;         ;
; db/alt_u_div_i4f.tdf             ; yes             ; Auto-Generated Megafunction  ; /home/daniel.f2005/QUARTUS/ELD-II/AVALIACAO/db/alt_u_div_i4f.tdf        ;         ;
; db/add_sub_7pc.tdf               ; yes             ; Auto-Generated Megafunction  ; /home/daniel.f2005/QUARTUS/ELD-II/AVALIACAO/db/add_sub_7pc.tdf          ;         ;
; db/add_sub_8pc.tdf               ; yes             ; Auto-Generated Megafunction  ; /home/daniel.f2005/QUARTUS/ELD-II/AVALIACAO/db/add_sub_8pc.tdf          ;         ;
+----------------------------------+-----------------+------------------------------+-------------------------------------------------------------------------+---------+


+---------------------------------------------------------+
; Analysis & Synthesis Resource Usage Summary             ;
+---------------------------------------------+-----------+
; Resource                                    ; Usage     ;
+---------------------------------------------+-----------+
; Estimated Total logic elements              ; 102       ;
;                                             ;           ;
; Total combinational functions               ; 102       ;
; Logic element usage by number of LUT inputs ;           ;
;     -- 4 input functions                    ; 31        ;
;     -- 3 input functions                    ; 53        ;
;     -- <=2 input functions                  ; 18        ;
;                                             ;           ;
; Logic elements by mode                      ;           ;
;     -- normal mode                          ; 69        ;
;     -- arithmetic mode                      ; 33        ;
;                                             ;           ;
; Total registers                             ; 19        ;
;     -- Dedicated logic registers            ; 19        ;
;     -- I/O registers                        ; 0         ;
;                                             ;           ;
; I/O pins                                    ; 28        ;
;                                             ;           ;
; Embedded Multiplier 9-bit elements          ; 0         ;
;                                             ;           ;
; Maximum fan-out node                        ; clk~input ;
; Maximum fan-out                             ; 19        ;
; Total fan-out                               ; 433       ;
; Average fan-out                             ; 2.45      ;
+---------------------------------------------+-----------+


+---------------------------------------------------------------------------------------------------------------------------------------------------------------------------------------------------------------------------------------------------------------------------------------------------------------+
; Analysis & Synthesis Resource Utilization by Entity                                                                                                                                                                                                                                                           ;
+----------------------------------------+---------------------+---------------------------+-------------+--------------+---------+-----------+------+--------------+------------------------------------------------------------------------------------------------------+---------------------+--------------+
; Compilation Hierarchy Node             ; Combinational ALUTs ; Dedicated Logic Registers ; Memory Bits ; DSP Elements ; DSP 9x9 ; DSP 18x18 ; Pins ; Virtual Pins ; Full Hierarchy Name                                                                                  ; Entity Name         ; Library Name ;
+----------------------------------------+---------------------+---------------------------+-------------+--------------+---------+-----------+------+--------------+------------------------------------------------------------------------------------------------------+---------------------+--------------+
; |gcd                                   ; 102 (23)            ; 19 (19)                   ; 0           ; 0            ; 0       ; 0         ; 28   ; 0            ; |gcd                                                                                                 ; gcd                 ; work         ;
;    |lpm_divide:Mod0|                   ; 79 (0)              ; 0 (0)                     ; 0           ; 0            ; 0       ; 0         ; 0    ; 0            ; |gcd|lpm_divide:Mod0                                                                                 ; lpm_divide          ; work         ;
;       |lpm_divide_q9m:auto_generated|  ; 79 (0)              ; 0 (0)                     ; 0           ; 0            ; 0       ; 0         ; 0    ; 0            ; |gcd|lpm_divide:Mod0|lpm_divide_q9m:auto_generated                                                   ; lpm_divide_q9m      ; work         ;
;          |sign_div_unsign_fkh:divider| ; 79 (0)              ; 0 (0)                     ; 0           ; 0            ; 0       ; 0         ; 0    ; 0            ; |gcd|lpm_divide:Mod0|lpm_divide_q9m:auto_generated|sign_div_unsign_fkh:divider                       ; sign_div_unsign_fkh ; work         ;
;             |alt_u_div_i4f:divider|    ; 79 (79)             ; 0 (0)                     ; 0           ; 0            ; 0       ; 0         ; 0    ; 0            ; |gcd|lpm_divide:Mod0|lpm_divide_q9m:auto_generated|sign_div_unsign_fkh:divider|alt_u_div_i4f:divider ; alt_u_div_i4f       ; work         ;
+----------------------------------------+---------------------+---------------------------+-------------+--------------+---------+-----------+------+--------------+------------------------------------------------------------------------------------------------------+---------------------+--------------+
Note: For table entries with two numbers listed, the numbers in parentheses indicate the number of resources of the given type used by the specific entity alone. The numbers listed outside of parentheses indicate the total resources of the given type used by the specific entity and all of its sub-entities in the hierarchy.


Encoding Type:  One-Hot
+-------------------------------------------------------------------+
; State Machine - |gcd|state_reg                                    ;
+----------------+----------------+----------------+----------------+
; Name           ; state_reg.done ; state_reg.calc ; state_reg.idle ;
+----------------+----------------+----------------+----------------+
; state_reg.idle ; 0              ; 0              ; 0              ;
; state_reg.calc ; 0              ; 1              ; 1              ;
; state_reg.done ; 1              ; 0              ; 1              ;
+----------------+----------------+----------------+----------------+


+------------------------------------------------------+
; General Register Statistics                          ;
+----------------------------------------------+-------+
; Statistic                                    ; Value ;
+----------------------------------------------+-------+
; Total registers                              ; 19    ;
; Number of registers using Synchronous Clear  ; 0     ;
; Number of registers using Synchronous Load   ; 8     ;
; Number of registers using Asynchronous Clear ; 19    ;
; Number of registers using Asynchronous Load  ; 0     ;
; Number of registers using Clock Enable       ; 16    ;
; Number of registers using Preset             ; 0     ;
+----------------------------------------------+-------+


+------------------------------------------------------------------------------------------------------------------------------------------+
; Multiplexer Restructuring Statistics (Restructuring Performed)                                                                           ;
+--------------------+-----------+---------------+----------------------+------------------------+------------+----------------------------+
; Multiplexer Inputs ; Bus Width ; Baseline Area ; Area if Restructured ; Saving if Restructured ; Registered ; Example Multiplexer Output ;
+--------------------+-----------+---------------+----------------------+------------------------+------------+----------------------------+
; 5:1                ; 16 bits   ; 48 LEs        ; 16 LEs               ; 32 LEs                 ; Yes        ; |gcd|a_reg[1]              ;
+--------------------+-----------+---------------+----------------------+------------------------+------------+----------------------------+


+------------------------------------------------------------------+
; Parameter Settings for Inferred Entity Instance: lpm_divide:Mod0 ;
+------------------------+----------------+------------------------+
; Parameter Name         ; Value          ; Type                   ;
+------------------------+----------------+------------------------+
; LPM_WIDTHN             ; 8              ; Untyped                ;
; LPM_WIDTHD             ; 8              ; Untyped                ;
; LPM_NREPRESENTATION    ; UNSIGNED       ; Untyped                ;
; LPM_DREPRESENTATION    ; UNSIGNED       ; Untyped                ;
; LPM_PIPELINE           ; 0              ; Untyped                ;
; LPM_REMAINDERPOSITIVE  ; TRUE           ; Untyped                ;
; MAXIMIZE_SPEED         ; 5              ; Untyped                ;
; CBXI_PARAMETER         ; lpm_divide_q9m ; Untyped                ;
; CARRY_CHAIN            ; MANUAL         ; Untyped                ;
; OPTIMIZE_FOR_SPEED     ; 5              ; Untyped                ;
; AUTO_CARRY_CHAINS      ; ON             ; AUTO_CARRY             ;
; IGNORE_CARRY_BUFFERS   ; OFF            ; IGNORE_CARRY           ;
; AUTO_CASCADE_CHAINS    ; ON             ; AUTO_CASCADE           ;
; IGNORE_CASCADE_BUFFERS ; OFF            ; IGNORE_CASCADE         ;
+------------------------+----------------+------------------------+
Note: In order to hide this table in the UI and the text report file, please set the "Show Parameter Settings in Synthesis Report" option in "Analysis and Synthesis Settings -> More Settings" to "Off".


+-----------------------------------------------------+
; Post-Synthesis Netlist Statistics for Top Partition ;
+-----------------------+-----------------------------+
; Type                  ; Count                       ;
+-----------------------+-----------------------------+
; boundary_port         ; 28                          ;
; cycloneiii_ff         ; 19                          ;
;     CLR               ; 3                           ;
;     ENA CLR           ; 8                           ;
;     ENA CLR SLD       ; 8                           ;
; cycloneiii_lcell_comb ; 103                         ;
;     arith             ; 33                          ;
;         3 data inputs ; 33                          ;
;     normal            ; 70                          ;
;         0 data inputs ; 6                           ;
;         1 data inputs ; 1                           ;
;         2 data inputs ; 12                          ;
;         3 data inputs ; 20                          ;
;         4 data inputs ; 31                          ;
;                       ;                             ;
; Max LUT depth         ; 17.60                       ;
; Average LUT depth     ; 12.28                       ;
+-----------------------+-----------------------------+


+-------------------------------+
; Elapsed Time Per Partition    ;
+----------------+--------------+
; Partition Name ; Elapsed Time ;
+----------------+--------------+
; Top            ; 00:00:01     ;
+----------------+--------------+


+-------------------------------+
; Analysis & Synthesis Messages ;
+-------------------------------+
Info: *******************************************************************
Info: Running Quartus Prime Analysis & Synthesis
    Info: Version 20.1.1 Build 720 11/11/2020 SJ Standard Edition
    Info: Processing started: Mon Aug 26 09:15:57 2024
Info: Command: quartus_map --read_settings_files=on --write_settings_files=off gcd -c gcd
Warning (18236): Number of processors has not been specified which may cause overloading on shared machines.  Set the global assignment NUM_PARALLEL_PROCESSORS in your QSF to an appropriate value for best performance.
Info (20030): Parallel compilation is enabled and will use 12 of the 12 processors detected
Info (12021): Found 6 design units, including 1 entities, in source file gcd.vhd
    Info (12022): Found design unit 1: gcd-slow_arch File: /home/daniel.f2005/QUARTUS/ELD-II/AVALIACAO/gcd.vhd Line: 17
    Info (12022): Found design unit 2: gcd-fast_arch File: /home/daniel.f2005/QUARTUS/ELD-II/AVALIACAO/gcd.vhd Line: 73
    Info (12022): Found design unit 3: gcd-fastest_arch File: /home/daniel.f2005/QUARTUS/ELD-II/AVALIACAO/gcd.vhd Line: 160
    Info (12022): Found design unit 4: gcd-euclides_arch File: /home/daniel.f2005/QUARTUS/ELD-II/AVALIACAO/gcd.vhd Line: 307
    Info (12022): Found design unit 5: ifsc File: /home/daniel.f2005/QUARTUS/ELD-II/AVALIACAO/gcd.vhd Line: 362
    Info (12023): Found entity 1: gcd File: /home/daniel.f2005/QUARTUS/ELD-II/AVALIACAO/gcd.vhd Line: 7
Info (12127): Elaborating entity "gcd" for the top level hierarchy
Info (278001): Inferred 1 megafunctions from design logic
    Info (278004): Inferred divider/modulo megafunction ("lpm_divide") from the following logic: "Mod0" File: /home/daniel.f2005/QUARTUS/ELD-II/AVALIACAO/gcd.vhd Line: 345
Info (12130): Elaborated megafunction instantiation "lpm_divide:Mod0" File: /home/daniel.f2005/QUARTUS/ELD-II/AVALIACAO/gcd.vhd Line: 345
Info (12133): Instantiated megafunction "lpm_divide:Mod0" with the following parameter: File: /home/daniel.f2005/QUARTUS/ELD-II/AVALIACAO/gcd.vhd Line: 345
    Info (12134): Parameter "LPM_WIDTHN" = "8"
    Info (12134): Parameter "LPM_WIDTHD" = "8"
    Info (12134): Parameter "LPM_NREPRESENTATION" = "UNSIGNED"
    Info (12134): Parameter "LPM_DREPRESENTATION" = "UNSIGNED"
Info (12021): Found 1 design units, including 1 entities, in source file db/lpm_divide_q9m.tdf
    Info (12023): Found entity 1: lpm_divide_q9m File: /home/daniel.f2005/QUARTUS/ELD-II/AVALIACAO/db/lpm_divide_q9m.tdf Line: 25
Info (12021): Found 1 design units, including 1 entities, in source file db/sign_div_unsign_fkh.tdf
    Info (12023): Found entity 1: sign_div_unsign_fkh File: /home/daniel.f2005/QUARTUS/ELD-II/AVALIACAO/db/sign_div_unsign_fkh.tdf Line: 25
Info (12021): Found 1 design units, including 1 entities, in source file db/alt_u_div_i4f.tdf
    Info (12023): Found entity 1: alt_u_div_i4f File: /home/daniel.f2005/QUARTUS/ELD-II/AVALIACAO/db/alt_u_div_i4f.tdf Line: 27
Info (12021): Found 1 design units, including 1 entities, in source file db/add_sub_7pc.tdf
    Info (12023): Found entity 1: add_sub_7pc File: /home/daniel.f2005/QUARTUS/ELD-II/AVALIACAO/db/add_sub_7pc.tdf Line: 23
Info (12021): Found 1 design units, including 1 entities, in source file db/add_sub_8pc.tdf
    Info (12023): Found entity 1: add_sub_8pc File: /home/daniel.f2005/QUARTUS/ELD-II/AVALIACAO/db/add_sub_8pc.tdf Line: 23
Info (286030): Timing-Driven Synthesis is running
Info (16010): Generating hard_block partition "hard_block:auto_generated_inst"
    Info (16011): Adding 0 node(s), including 0 DDIO, 0 PLL, 0 transceiver and 0 LCELL
Info (21057): Implemented 131 device resources after synthesis - the final resource count might be different
    Info (21058): Implemented 19 input pins
    Info (21059): Implemented 9 output pins
    Info (21061): Implemented 103 logic cells
Info: Quartus Prime Analysis & Synthesis was successful. 0 errors, 1 warning
    Info: Peak virtual memory: 483 megabytes
    Info: Processing ended: Mon Aug 26 09:16:09 2024
    Info: Elapsed time: 00:00:12
    Info: Total CPU time (on all processors): 00:00:22


